2025-06-01 13:26:24,957 - INFO - EcommerceDataGenerator initialized with professional settings
2025-06-01 13:26:24,958 - INFO -  Starting comprehensive e-commerce dataset generation...
2025-06-01 13:26:24,958 - INFO - Generating categories with business hierarchy...
2025-06-01 13:26:24,962 - INFO - Generated 10 categories with 50 subcategories
2025-06-01 13:26:24,962 - INFO - Generating products with realistic market data...
2025-06-01 13:26:25,903 - INFO - Generated 5000 products with realistic market data
2025-06-01 13:26:25,903 - INFO - Generating user profiles with demographic data...
2025-06-01 13:26:31,377 - INFO - Generated 10000 diverse user profiles
2025-06-01 13:26:31,377 - INFO - Generating transactions and sessions...
2025-06-01 13:26:31,377 - INFO - Creating realistic transaction patterns...
2025-06-01 13:29:47,827 - INFO - Creating realistic user session patterns...
2025-06-01 13:30:17,396 - INFO - Saving datasets to organized structure...
2025-06-01 13:30:17,400 - INFO -  Saved 10 records to data/raw/categories.json
2025-06-01 13:30:17,810 - INFO -  Saved 5,000 records to data/raw/products.json
2025-06-01 13:30:18,274 - INFO -  Saved 10,000 records to data/raw/users.json
2025-06-01 13:30:20,884 - INFO -  Saved 50,000 records to data/raw/transactions.json
2025-06-01 13:30:21,176 - INFO -  Saved 10,000 sessions to data/raw/sessions_000.json
2025-06-01 13:30:21,489 - INFO -  Saved 10,000 sessions to data/raw/sessions_001.json
2025-06-01 13:30:21,786 - INFO -  Saved 10,000 sessions to data/raw/sessions_002.json
2025-06-01 13:30:22,089 - INFO -  Saved 10,000 sessions to data/raw/sessions_003.json
2025-06-01 13:30:22,376 - INFO -  Saved 10,000 sessions to data/raw/sessions_004.json
2025-06-01 13:30:22,678 - INFO -  Saved 10,000 sessions to data/raw/sessions_005.json
2025-06-01 13:30:22,974 - INFO -  Saved 10,000 sessions to data/raw/sessions_006.json
2025-06-01 13:30:23,318 - INFO -  Saved 10,000 sessions to data/raw/sessions_007.json
2025-06-01 13:30:23,616 - INFO -  Saved 10,000 sessions to data/raw/sessions_008.json
2025-06-01 13:30:23,936 - INFO -  Saved 10,000 sessions to data/raw/sessions_009.json
2025-06-01 13:30:24,241 - INFO -  Saved 10,000 sessions to data/raw/sessions_010.json
2025-06-01 13:30:24,565 - INFO -  Saved 10,000 sessions to data/raw/sessions_011.json
2025-06-01 13:30:24,887 - INFO -  Saved 10,000 sessions to data/raw/sessions_012.json
2025-06-01 13:30:25,202 - INFO -  Saved 10,000 sessions to data/raw/sessions_013.json
2025-06-01 13:30:25,513 - INFO -  Saved 10,000 sessions to data/raw/sessions_014.json
2025-06-01 13:30:25,836 - INFO -  Saved 10,000 sessions to data/raw/sessions_015.json
2025-06-01 13:30:26,137 - INFO -  Saved 10,000 sessions to data/raw/sessions_016.json
2025-06-01 13:30:26,474 - INFO -  Saved 10,000 sessions to data/raw/sessions_017.json
2025-06-01 13:30:26,778 - INFO -  Saved 10,000 sessions to data/raw/sessions_018.json
2025-06-01 13:30:27,091 - INFO -  Saved 10,000 sessions to data/raw/sessions_019.json
2025-06-01 13:30:27,179 - INFO - ============================================================
2025-06-01 13:30:27,179 - INFO -  DATASET GENERATION COMPLETE!
2025-06-01 13:30:27,179 - INFO - ============================================================
2025-06-01 13:30:27,179 - INFO -  Total Records: 265,010
2025-06-01 13:30:27,179 - INFO - 💰 Total Revenue: $52,496,062.43
2025-06-01 13:30:27,179 - INFO - 🛒 Avg Transaction: $1049.92
2025-06-01 13:30:27,179 - INFO -  Conversion Rate: 25.00%
2025-06-01 13:30:27,179 - INFO - ⭐ Avg Rating: 3.0/5.0
2025-06-01 13:30:27,179 - INFO - ============================================================
2025-06-01 13:30:27,179 - INFO -  Dataset generation completed successfully!
